<?xml version="1.0" encoding="UTF-8"?>
<testng-results ignored="0" total="1" passed="1" failed="0" skipped="0">
  <reporter-output>
  </reporter-output>
  <suite started-at="2024-04-06T20:49:42 IST" name="Default suite" finished-at="2024-04-06T20:50:12 IST" duration-ms="29089">
    <groups>
    </groups>
    <test started-at="2024-04-06T20:49:42 IST" name="Default test" finished-at="2024-04-06T20:50:12 IST" duration-ms="29089">
      <class name="FinalFramework.FinalFramework.SignInTest">
        <test-method is-config="true" signature="browserSetUp()[pri:0, instance:FinalFramework.FinalFramework.SignInTest@7e7be63f]" started-at="2024-04-06T20:49:42 IST" name="browserSetUp" finished-at="2024-04-06T20:50:10 IST" duration-ms="27785" status="PASS">
          <reporter-output>
          </reporter-output>
        </test-method> <!-- browserSetUp -->
        <test-method signature="loginTest()[pri:0, instance:FinalFramework.FinalFramework.SignInTest@7e7be63f]" started-at="2024-04-06T20:50:10 IST" name="loginTest" finished-at="2024-04-06T20:50:12 IST" duration-ms="1253" status="PASS">
          <reporter-output>
          </reporter-output>
        </test-method> <!-- loginTest -->
        <test-method is-config="true" signature="closeBrowser()[pri:0, instance:FinalFramework.FinalFramework.SignInTest@7e7be63f]" started-at="2024-04-06T20:50:12 IST" name="closeBrowser" finished-at="2024-04-06T20:50:12 IST" duration-ms="1" status="PASS">
          <reporter-output>
          </reporter-output>
        </test-method> <!-- closeBrowser -->
      </class> <!-- FinalFramework.FinalFramework.SignInTest -->
    </test> <!-- Default test -->
  </suite> <!-- Default suite -->
</testng-results>
